<?xml version="1.0" encoding="UTF-8"?>
<!-- Generated by org.testng.reporters.JUnitReportReporter -->
<testsuite hostname="Manju12Yadav" failures="0" tests="1" name="com.practice.StringOperation" time="0.013" errors="0" timestamp="2023-06-05T17:35:48 IST" skipped="0">
  <testcase classname="com.practice.StringOperation" name="str" time="0.013"/>
  <system-out/>
</testsuite> <!-- com.practice.StringOperation -->
