<?xml version="1.0" encoding="UTF-8"?>
<!-- Generated by org.testng.reporters.JUnitReportReporter -->
<testsuite hostname="Manju12Yadav" failures="0" tests="1" name="com.GenericUtilities.JavaUtility" time="0.065" errors="0" timestamp="2023-06-08T10:32:18 IST" skipped="0">
  <testcase classname="com.GenericUtilities.JavaUtility" name="simpleDate" time="0.065"/>
  <system-out/>
</testsuite> <!-- com.GenericUtilities.JavaUtility -->
